SF:lib\trivia\data\models\number_trivia_model.dart
DA:4,3
DA:6,1
DA:10,1
DA:11,1
DA:12,1
DA:16,1
DA:17,1
DA:18,1
DA:19,1
DA:23,2
DA:24,2
DA:25,2
DA:26,4
DA:30,1
DA:32,3
LF:15
LH:15
end_of_record
SF:lib\trivia\domain\entities\number_trivia.dart
DA:7,5
DA:12,1
DA:13,3
LF:3
LH:3
end_of_record
SF:lib\core\error\failure.dart
DA:4,2
DA:8,0
DA:9,0
DA:13,0
DA:15,0
DA:17,0
DA:22,0
DA:24,0
DA:26,0
DA:31,2
DA:33,0
DA:35,0
LF:12
LH:2
end_of_record
SF:lib\trivia\data\repositories\number_trivia_repository_impl.dart
DA:14,1
DA:23,1
DA:24,2
DA:25,3
DA:27,2
DA:29,1
DA:32,0
DA:35,0
LF:8
LH:6
end_of_record
SF:lib\trivia\domain\repositories\number_trivia_repository.dart
DA:6,1
LF:1
LH:1
end_of_record
SF:lib\trivia\domain\use_cases\get_concrete_number_trivia_use_case.dart
DA:10,1
DA:13,1
DA:15,3
LF:3
LH:3
end_of_record
SF:lib\core\use_cases\usecase.dart
DA:5,2
LF:1
LH:1
end_of_record
SF:lib\trivia\domain\use_cases\get_random_number_trivia_use_case.dart
DA:10,1
DA:13,1
DA:14,3
LF:3
LH:3
end_of_record
